0 info it worked if it ends with ok
1 verbose cli [ '/usr/local/bin/node',
1 verbose cli   '/usr/local/bin/npm',
1 verbose cli   'install',
1 verbose cli   '-g',
1 verbose cli   'homebrew' ]
2 info using npm@2.15.9
3 info using node@v4.5.0
4 verbose install initial load of /usr/local/lib/package.json
5 verbose readDependencies loading dependencies from /usr/local/lib/package.json
6 silly cache add args [ 'homebrew', null ]
7 verbose cache add spec homebrew
8 silly cache add parsed spec Result {
8 silly cache add   raw: 'homebrew',
8 silly cache add   scope: null,
8 silly cache add   name: 'homebrew',
8 silly cache add   rawSpec: '',
8 silly cache add   spec: 'latest',
8 silly cache add   type: 'tag' }
9 silly addNamed homebrew@latest
10 verbose addNamed "latest" is being treated as a dist-tag for homebrew
11 info addNameTag [ 'homebrew', 'latest' ]
12 silly mapToRegistry name homebrew
13 silly mapToRegistry using default registry
14 silly mapToRegistry registry https://registry.npmjs.org/
15 silly mapToRegistry data Result {
15 silly mapToRegistry   raw: 'homebrew',
15 silly mapToRegistry   scope: null,
15 silly mapToRegistry   name: 'homebrew',
15 silly mapToRegistry   rawSpec: '',
15 silly mapToRegistry   spec: 'latest',
15 silly mapToRegistry   type: 'tag' }
16 silly mapToRegistry uri https://registry.npmjs.org/homebrew
17 verbose addNameTag registry:https://registry.npmjs.org/homebrew not in flight; fetching
18 verbose request uri https://registry.npmjs.org/homebrew
19 verbose request no auth needed
20 info attempt registry request try #1 at 5:15:51 AM
21 verbose request id 1b3cdab4a67c6531
22 verbose etag "ARZPZ5S1AXJ9T8R2LS1B3G8JG"
23 http request GET https://registry.npmjs.org/homebrew
24 http 304 https://registry.npmjs.org/homebrew
25 verbose headers { date: 'Sun, 18 Sep 2016 09:15:51 GMT',
25 verbose headers   via: '1.1 varnish',
25 verbose headers   'cache-control': 'max-age=300',
25 verbose headers   etag: '"ARZPZ5S1AXJ9T8R2LS1B3G8JG"',
25 verbose headers   age: '36',
25 verbose headers   connection: 'keep-alive',
25 verbose headers   'x-served-by': 'cache-ord1725-ORD',
25 verbose headers   'x-cache': 'HIT',
25 verbose headers   'x-cache-hits': '1',
25 verbose headers   'x-timer': 'S1474190151.664811,VS0,VE0',
25 verbose headers   vary: 'Accept-Encoding' }
26 silly get cb [ 304,
26 silly get   { date: 'Sun, 18 Sep 2016 09:15:51 GMT',
26 silly get     via: '1.1 varnish',
26 silly get     'cache-control': 'max-age=300',
26 silly get     etag: '"ARZPZ5S1AXJ9T8R2LS1B3G8JG"',
26 silly get     age: '36',
26 silly get     connection: 'keep-alive',
26 silly get     'x-served-by': 'cache-ord1725-ORD',
26 silly get     'x-cache': 'HIT',
26 silly get     'x-cache-hits': '1',
26 silly get     'x-timer': 'S1474190151.664811,VS0,VE0',
26 silly get     vary: 'Accept-Encoding' } ]
27 verbose etag https://registry.npmjs.org/homebrew from cache
28 verbose get saving homebrew to /Users/jamesschleicher/.npm/registry.npmjs.org/homebrew/.cache.json
29 verbose correctMkdir /Users/jamesschleicher/.npm correctMkdir not in flight; initializing
30 silly addNameTag next cb for homebrew with tag latest
31 silly addNamed homebrew@0.1.0
32 verbose addNamed "0.1.0" is a plain semver version for homebrew
33 silly cache afterAdd homebrew@0.1.0
34 verbose afterAdd /Users/jamesschleicher/.npm/homebrew/0.1.0/package/package.json not in flight; writing
35 verbose correctMkdir /Users/jamesschleicher/.npm correctMkdir not in flight; initializing
36 verbose afterAdd /Users/jamesschleicher/.npm/homebrew/0.1.0/package/package.json written
37 silly install resolved [ { name: 'homebrew',
37 silly install resolved     version: '0.1.0',
37 silly install resolved     description: 'The missing package manager for OS X',
37 silly install resolved     main: 'index.js',
37 silly install resolved     repository:
37 silly install resolved      { type: 'git',
37 silly install resolved        url: 'git+https://github.com/afc163/homebrew.git' },
37 silly install resolved     scripts: { postinstall: 'ruby -e "$(curl -fsSL https://raw.githubusercontent.com/Homebrew/install/master/install)"' },
37 silly install resolved     author: { name: 'afc163', email: 'afc163@gmail.com' },
37 silly install resolved     license: 'ISC',
37 silly install resolved     gitHead: '3586f725e4618187bcb18d2a8b2f45dd95731943',
37 silly install resolved     bugs: { url: 'https://github.com/afc163/homebrew/issues' },
37 silly install resolved     homepage: 'https://github.com/afc163/homebrew',
37 silly install resolved     _id: 'homebrew@0.1.0',
37 silly install resolved     _shasum: 'cf898055ed935acf00da696a9078877f27c4ad57',
37 silly install resolved     _from: 'homebrew@latest',
37 silly install resolved     _npmVersion: '2.5.1',
37 silly install resolved     _nodeVersion: '0.12.0',
37 silly install resolved     _npmUser: { name: 'afc163', email: 'afc163@gmail.com' },
37 silly install resolved     maintainers: [ [Object] ],
37 silly install resolved     dist:
37 silly install resolved      { shasum: 'cf898055ed935acf00da696a9078877f27c4ad57',
37 silly install resolved        tarball: 'https://registry.npmjs.org/homebrew/-/homebrew-0.1.0.tgz' },
37 silly install resolved     directories: {},
37 silly install resolved     _resolved: 'https://registry.npmjs.org/homebrew/-/homebrew-0.1.0.tgz',
37 silly install resolved     readme: 'ERROR: No README data found!' } ]
38 info install homebrew@0.1.0 into /usr/local/lib
39 info installOne homebrew@0.1.0
40 verbose installOne of homebrew to /usr/local/lib not in flight; installing
41 verbose correctMkdir /Users/jamesschleicher/.npm/_locks correctMkdir not in flight; initializing
42 verbose lock using /Users/jamesschleicher/.npm/_locks/homebrew-607fd741d2bdee87.lock for /usr/local/lib/node_modules/homebrew
43 silly install write writing homebrew 0.1.0 to /usr/local/lib/node_modules/homebrew
44 verbose unbuild lib/node_modules/homebrew
45 silly gentlyRm /usr/local/lib/node_modules/homebrew is being purged from base /usr/local
46 verbose gentlyRm don't care about contents; nuking /usr/local/lib/node_modules/homebrew
47 verbose tar unpack /Users/jamesschleicher/.npm/homebrew/0.1.0/package.tgz
48 verbose tar unpacking to /usr/local/lib/node_modules/homebrew
49 silly gentlyRm /usr/local/lib/node_modules/homebrew is being purged
50 verbose gentlyRm don't care about contents; nuking /usr/local/lib/node_modules/homebrew
51 silly gunzTarPerm modes [ '755', '644' ]
52 silly gunzTarPerm extractEntry package.json
53 silly gunzTarPerm extractEntry README.md
54 verbose write writing to /usr/local/lib/node_modules/homebrew/package.json
55 info preinstall homebrew@0.1.0
56 verbose readDependencies loading dependencies from /usr/local/lib/node_modules/homebrew/package.json
57 verbose readDependencies loading dependencies from /usr/local/lib/node_modules/homebrew/package.json
58 silly install resolved []
59 verbose about to build /usr/local/lib/node_modules/homebrew
60 info build /usr/local/lib/node_modules/homebrew
61 info linkStuff homebrew@0.1.0
62 silly linkStuff homebrew@0.1.0 has /usr/local/lib/node_modules as its parent node_modules
63 silly linkStuff homebrew@0.1.0 is part of a global install
64 silly linkStuff homebrew@0.1.0 is installed into a global node_modules
65 silly linkStuff homebrew@0.1.0 is installed into the top-level global node_modules
66 verbose linkBins homebrew@0.1.0
67 verbose linkMans homebrew@0.1.0
68 verbose rebuildBundles homebrew@0.1.0
69 info install homebrew@0.1.0
70 info postinstall homebrew@0.1.0
71 verbose unsafe-perm in lifecycle false
72 info homebrew@0.1.0 Failed to exec postinstall script
73 verbose unlock done using /Users/jamesschleicher/.npm/_locks/homebrew-607fd741d2bdee87.lock for /usr/local/lib/node_modules/homebrew
74 verbose stack Error: homebrew@0.1.0 postinstall: `ruby -e "$(curl -fsSL https://raw.githubusercontent.com/Homebrew/install/master/install)"`
74 verbose stack Exit status 1
74 verbose stack     at EventEmitter.<anonymous> (/usr/local/lib/node_modules/npm/lib/utils/lifecycle.js:217:16)
74 verbose stack     at emitTwo (events.js:87:13)
74 verbose stack     at EventEmitter.emit (events.js:172:7)
74 verbose stack     at ChildProcess.<anonymous> (/usr/local/lib/node_modules/npm/lib/utils/spawn.js:24:14)
74 verbose stack     at emitTwo (events.js:87:13)
74 verbose stack     at ChildProcess.emit (events.js:172:7)
74 verbose stack     at maybeClose (internal/child_process.js:829:16)
74 verbose stack     at Process.ChildProcess._handle.onexit (internal/child_process.js:211:5)
75 verbose pkgid homebrew@0.1.0
76 verbose cwd /Users/jamesschleicher/Desktop/MemeStock
77 error Darwin 15.6.0
78 error argv "/usr/local/bin/node" "/usr/local/bin/npm" "install" "-g" "homebrew"
79 error node v4.5.0
80 error npm  v2.15.9
81 error code ELIFECYCLE
82 error homebrew@0.1.0 postinstall: `ruby -e "$(curl -fsSL https://raw.githubusercontent.com/Homebrew/install/master/install)"`
82 error Exit status 1
83 error Failed at the homebrew@0.1.0 postinstall script 'ruby -e "$(curl -fsSL https://raw.githubusercontent.com/Homebrew/install/master/install)"'.
83 error This is most likely a problem with the homebrew package,
83 error not with npm itself.
83 error Tell the author that this fails on your system:
83 error     ruby -e "$(curl -fsSL https://raw.githubusercontent.com/Homebrew/install/master/install)"
83 error You can get information on how to open an issue for this project with:
83 error     npm bugs homebrew
83 error Or if that isn't available, you can get their info via:
83 error
83 error     npm owner ls homebrew
83 error There is likely additional logging output above.
84 verbose exit [ 1, true ]
85 verbose unbuild lib/node_modules/homebrew
86 info preuninstall homebrew@0.1.0
87 info uninstall homebrew@0.1.0
88 verbose unbuild rmStuff homebrew@0.1.0 from /usr/local/lib/node_modules
89 info postuninstall homebrew@0.1.0
90 silly gentlyRm /usr/local/lib/node_modules/homebrew is being purged from base /usr/local
91 verbose gentlyRm don't care about contents; nuking /usr/local/lib/node_modules/homebrew
92 silly vacuum-fs purging /usr/local/lib/node_modules/homebrew
93 silly vacuum-fs quitting because other entries in /usr/local/lib/node_modules
